Invoking: cross-env PORT=3001 webpack serve 
<i> [webpack-dev-server] Project is running at:
<i> [webpack-dev-server] Loopback: http://localhost:3001/, http://[::1]:3001/
<i> [webpack-dev-server] On Your Network (IPv4): http://192.168.1.105:3001/
<i> [webpack-dev-server] Content not from webpack is served from 'D:\Learnings\Micro-Frontends\host-app\public' directory
asset main.js 1.34 MiB [emitted] (name: main)
asset index.html 1.23 KiB [emitted]
runtime modules 44.6 KiB 20 modules
javascript modules 1.2 MiB
  modules by path ../common/temp/node_modules/.pnpm/ 1.19 MiB 29 modules
  modules by path ./src/ 4.35 KiB
    modules by path ./src/*.tsx 800 bytes 2 modules
    modules by path ./src/*.css 3.57 KiB 2 modules
  external "remoteApp@http://localhost:3002/remoteEntry.js" 42 bytes [built] [code generated]
provide-module modules 84 bytes
  provide shared module (default) react-dom@18.2.0 = ../common/temp/node_modules/....(truncated) 42 bytes [built] [code generated]
  provide shared module (default) react@18.2.0 = ../common/temp/node_modules/.pnpm...(truncated) 42 bytes [built] [code generated]
consume-shared-module modules 84 bytes
  consume shared module (default) react@=18.2.0 (singleton) (fallback: ../common/t...(truncated) 42 bytes [built] [code generated]
  consume shared module (default) react-dom@=18.2.0 (singleton) (fallback: ../comm...(truncated) 42 bytes [built] [code generated]
remote remoteApp/MyProducts 6 bytes (remote) 6 bytes (share-init) [built] [code generated]
webpack 5.97.1 compiled successfully in 3520 ms
assets by status 1.23 KiB [cached] 1 asset
assets by path *.js 1.34 MiB
  asset main.js 1.34 MiB [emitted] (name: main)
  asset main.c035b8f8faf1b961e690.hot-update.js 2.77 KiB [emitted] [immutable] [hmr] (name: main)
asset main.c035b8f8faf1b961e690.hot-update.json 28 bytes [emitted] [immutable] [hmr]
Entrypoint main 1.34 MiB = main.js 1.34 MiB main.c035b8f8faf1b961e690.hot-update.js 2.77 KiB
cached modules 1.2 MiB (javascript) 90 bytes (share-init) 84 bytes (consume-shared) 6 bytes (remote) [cached] 38 modules
runtime modules 44.6 KiB 20 modules
./src/App.tsx 607 bytes [built] [code generated]
webpack 5.97.1 compiled successfully in 89 ms
<i> [webpack-dev-middleware] wait until bundle finished: /main.c035b8f8faf1b961e690.hot-update.json
assets by status 1.34 MiB [cached] 2 assets
cached modules 1.2 MiB (javascript) 90 bytes (share-init) 84 bytes (consume-shared) 6 bytes (remote) 44.6 KiB (runtime) [cached] 58 modules
./src/App.tsx 607 bytes [built]
webpack 5.97.1 compiled successfully in 50 ms
assets by status 1.34 MiB [cached] 2 assets
cached modules 1.2 MiB (javascript) 90 bytes (share-init) 84 bytes (consume-shared) 6 bytes (remote) 44.6 KiB (runtime) [cached] 58 modules
./src/App.tsx 607 bytes [built]
webpack 5.97.1 compiled successfully in 37 ms
assets by status 1.34 MiB [cached] 2 assets
cached modules 1.2 MiB (javascript) 90 bytes (share-init) 84 bytes (consume-shared) 6 bytes (remote) 44.6 KiB (runtime) [cached] 58 modules
./src/App.tsx 607 bytes [built]
webpack 5.97.1 compiled successfully in 29 ms
assets by status 1.23 KiB [cached] 1 asset
assets by path *.js 1.34 MiB
  asset main.js 1.34 MiB [emitted] (name: main)
  asset main.3b7e1e3634ebd8f35656.hot-update.js 3.01 KiB [emitted] [immutable] [hmr] (name: main)
asset main.3b7e1e3634ebd8f35656.hot-update.json 28 bytes [emitted] [immutable] [hmr]
Entrypoint main 1.34 MiB = main.js 1.34 MiB main.3b7e1e3634ebd8f35656.hot-update.js 3.01 KiB
cached modules 1.2 MiB (javascript) 90 bytes (share-init) 84 bytes (consume-shared) 6 bytes (remote) [cached] 38 modules
runtime modules 44.6 KiB 20 modules
./src/App.tsx 759 bytes [built] [code generated]
webpack 5.97.1 compiled successfully in 41 ms
assets by status 1.23 KiB [cached] 1 asset
assets by path *.js 1.35 MiB
  asset main.js 1.34 MiB [emitted] (name: main)
  asset main.6214336fbe2057edb03c.hot-update.js 4.19 KiB [emitted] [immutable] [hmr] (name: main)
asset main.6214336fbe2057edb03c.hot-update.json 28 bytes [emitted] [immutable] [hmr]
Entrypoint main 1.35 MiB = main.js 1.34 MiB main.6214336fbe2057edb03c.hot-update.js 4.19 KiB
cached modules 1.2 MiB (javascript) 90 bytes (share-init) 84 bytes (consume-shared) 6 bytes (remote) [cached] 38 modules
runtime modules 44.6 KiB 20 modules
../common/temp/node_modules/.pnpm/css-loader@6.11.0_webpack@5.97.1/node_modules/css-loader/dist/cjs.js!./src/styles.css 885 bytes [built] [code generated]
webpack 5.97.1 compiled successfully in 56 ms
assets by status 1.23 KiB [cached] 1 asset
assets by path *.js 1.35 MiB
  asset main.js 1.34 MiB [emitted] (name: main)
  asset main.d5c4c45b8b634b87598b.hot-update.js 4.21 KiB [emitted] [immutable] [hmr] (name: main)
asset main.d5c4c45b8b634b87598b.hot-update.json 28 bytes [emitted] [immutable] [hmr]
Entrypoint main 1.35 MiB = main.js 1.34 MiB main.d5c4c45b8b634b87598b.hot-update.js 4.21 KiB
cached modules 1.2 MiB (javascript) 90 bytes (share-init) 84 bytes (consume-shared) 6 bytes (remote) [cached] 38 modules
runtime modules 44.6 KiB 20 modules
../common/temp/node_modules/.pnpm/css-loader@6.11.0_webpack@5.97.1/node_modules/css-loader/dist/cjs.js!./src/styles.css 901 bytes [built] [code generated]
webpack 5.97.1 compiled successfully in 35 ms
assets by status 1.34 MiB [cached] 2 assets
cached modules 1.2 MiB (javascript) 90 bytes (share-init) 84 bytes (consume-shared) 6 bytes (remote) 44.6 KiB (runtime) [cached] 58 modules
../common/temp/node_modules/.pnpm/css-loader@6.11.0_webpack@5.97.1/node_modules/css-loader/dist/cjs.js!./src/styles.css 901 bytes [built]
webpack 5.97.1 compiled successfully in 26 ms
assets by status 1.34 MiB [cached] 2 assets
cached modules 1.2 MiB (javascript) 90 bytes (share-init) 84 bytes (consume-shared) 6 bytes (remote) 44.6 KiB (runtime) [cached] 58 modules
../common/temp/node_modules/.pnpm/css-loader@6.11.0_webpack@5.97.1/node_modules/css-loader/dist/cjs.js!./src/styles.css 901 bytes [built]
webpack 5.97.1 compiled successfully in 24 ms
assets by status 1.23 KiB [cached] 1 asset
assets by path *.js 1.35 MiB
  asset main.js 1.34 MiB [emitted] (name: main)
  asset main.f67d0ed1059f082d7481.hot-update.js 4.19 KiB [emitted] [immutable] [hmr] (name: main)
asset main.f67d0ed1059f082d7481.hot-update.json 28 bytes [emitted] [immutable] [hmr]
Entrypoint main 1.35 MiB = main.js 1.34 MiB main.f67d0ed1059f082d7481.hot-update.js 4.19 KiB
cached modules 1.2 MiB (javascript) 90 bytes (share-init) 84 bytes (consume-shared) 6 bytes (remote) [cached] 38 modules
runtime modules 44.6 KiB 20 modules
../common/temp/node_modules/.pnpm/css-loader@6.11.0_webpack@5.97.1/node_modules/css-loader/dist/cjs.js!./src/styles.css 885 bytes [built] [code generated]
webpack 5.97.1 compiled successfully in 28 ms
assets by status 1.23 KiB [cached] 1 asset
assets by path *.js 1.35 MiB
  asset main.js 1.34 MiB [emitted] (name: main)
  asset main.ea30a21c89a9f986460a.hot-update.js 4.19 KiB [emitted] [immutable] [hmr] (name: main)
asset main.ea30a21c89a9f986460a.hot-update.json 28 bytes [emitted] [immutable] [hmr]
Entrypoint main 1.35 MiB = main.js 1.34 MiB main.ea30a21c89a9f986460a.hot-update.js 4.19 KiB
cached modules 1.2 MiB (javascript) 90 bytes (share-init) 84 bytes (consume-shared) 6 bytes (remote) [cached] 38 modules
runtime modules 44.6 KiB 20 modules
../common/temp/node_modules/.pnpm/css-loader@6.11.0_webpack@5.97.1/node_modules/css-loader/dist/cjs.js!./src/styles.css 880 bytes [built] [code generated]
webpack 5.97.1 compiled successfully in 27 ms
assets by status 1.34 MiB [cached] 2 assets
cached modules 1.2 MiB (javascript) 90 bytes (share-init) 84 bytes (consume-shared) 6 bytes (remote) 44.6 KiB (runtime) [cached] 58 modules
../common/temp/node_modules/.pnpm/css-loader@6.11.0_webpack@5.97.1/node_modules/css-loader/dist/cjs.js!./src/styles.css 880 bytes [built]
webpack 5.97.1 compiled successfully in 34 ms
assets by status 1.34 MiB [cached] 2 assets
cached modules 1.2 MiB (javascript) 90 bytes (share-init) 84 bytes (consume-shared) 6 bytes (remote) 44.6 KiB (runtime) [cached] 58 modules
../common/temp/node_modules/.pnpm/css-loader@6.11.0_webpack@5.97.1/node_modules/css-loader/dist/cjs.js!./src/styles.css 880 bytes [built]
webpack 5.97.1 compiled successfully in 18 ms
assets by status 1.23 KiB [cached] 1 asset
assets by path *.js 1.35 MiB
  asset main.js 1.34 MiB [emitted] (name: main)
  asset main.96d51c0f118ce656ec89.hot-update.js 4.2 KiB [emitted] [immutable] [hmr] (name: main)
asset main.96d51c0f118ce656ec89.hot-update.json 28 bytes [emitted] [immutable] [hmr]
Entrypoint main 1.35 MiB = main.js 1.34 MiB main.96d51c0f118ce656ec89.hot-update.js 4.2 KiB
cached modules 1.2 MiB (javascript) 90 bytes (share-init) 84 bytes (consume-shared) 6 bytes (remote) [cached] 38 modules
runtime modules 44.6 KiB 20 modules
../common/temp/node_modules/.pnpm/css-loader@6.11.0_webpack@5.97.1/node_modules/css-loader/dist/cjs.js!./src/styles.css 893 bytes [built] [code generated]
webpack 5.97.1 compiled successfully in 57 ms
assets by status 1.34 MiB [cached] 2 assets
cached modules 1.2 MiB (javascript) 90 bytes (share-init) 84 bytes (consume-shared) 6 bytes (remote) 44.6 KiB (runtime) [cached] 58 modules
./src/App.tsx 759 bytes [built]
webpack 5.97.1 compiled successfully in 43 ms
assets by status 1.23 KiB [cached] 1 asset
assets by path *.js 1.34 MiB
  asset main.js 1.34 MiB [emitted] (name: main)
  asset main.d0a3a8cc04022ff40534.hot-update.js 2.68 KiB [emitted] [immutable] [hmr] (name: main)
asset main.d0a3a8cc04022ff40534.hot-update.json 28 bytes [emitted] [immutable] [hmr]
Entrypoint main 1.34 MiB = main.js 1.34 MiB main.d0a3a8cc04022ff40534.hot-update.js 2.68 KiB
cached modules 1.2 MiB (javascript) 90 bytes (share-init) 84 bytes (consume-shared) 6 bytes (remote) [cached] 38 modules
runtime modules 44.6 KiB 20 modules
./src/App.tsx 568 bytes [built] [code generated]
webpack 5.97.1 compiled successfully in 37 ms
assets by status 1.34 MiB [cached] 2 assets
cached modules 1.2 MiB (javascript) 90 bytes (share-init) 84 bytes (consume-shared) 6 bytes (remote) 44.6 KiB (runtime) [cached] 58 modules
./src/App.tsx 568 bytes [built]
webpack 5.97.1 compiled successfully in 36 ms
assets by status 1.23 KiB [cached] 1 asset
assets by path *.js 1.36 MiB
  asset main.js 1.33 MiB [emitted] (name: main)
  asset main.deed72339e0698a2fe09.hot-update.js 33.7 KiB [emitted] [immutable] [hmr] (name: main)
asset main.deed72339e0698a2fe09.hot-update.json 162 bytes [emitted] [immutable] [hmr]
Entrypoint main 1.36 MiB = main.js 1.33 MiB main.deed72339e0698a2fe09.hot-update.js 33.7 KiB
cached modules 1.2 MiB (javascript) 84 bytes (share-init) 84 bytes (consume-shared) [cached] 36 modules
runtime modules 37.5 KiB 16 modules
./src/App.tsx 486 bytes [built] [code generated]
webpack 5.97.1 compiled successfully in 27 ms
assets by status 1.23 KiB [cached] 1 asset
assets by path *.js 1.33 MiB
  asset main.js 1.33 MiB [emitted] (name: main)
  asset main.000e28ac476aaeea8407.hot-update.js 2.27 KiB [emitted] [immutable] [hmr] (name: main)
asset main.000e28ac476aaeea8407.hot-update.json 28 bytes [emitted] [immutable] [hmr]
Entrypoint main 1.33 MiB = main.js 1.33 MiB main.000e28ac476aaeea8407.hot-update.js 2.27 KiB
cached modules 1.2 MiB (javascript) 84 bytes (share-init) 84 bytes (consume-shared) [cached] 36 modules
runtime modules 37.5 KiB 16 modules
./src/App.tsx 428 bytes [built] [code generated]
webpack 5.97.1 compiled successfully in 29 ms
<i> [webpack-dev-middleware] wait until bundle finished: /main.js
assets by status 1.33 MiB [cached] 2 assets
cached modules 1.2 MiB (javascript) 84 bytes (share-init) 84 bytes (consume-shared) 37.5 KiB (runtime) [cached] 52 modules
./src/App.tsx 428 bytes [built]
webpack 5.97.1 compiled successfully in 29 ms
assets by path *.js 1.33 MiB
  asset main.js 1.33 MiB [emitted] (name: main)
  asset main.926f44ed332b4682cf7c.hot-update.js 851 bytes [emitted] [immutable] [hmr] (name: main)
asset index.html 1.23 KiB [emitted]
asset main.926f44ed332b4682cf7c.hot-update.json 28 bytes [emitted] [immutable] [hmr]
Entrypoint main 1.33 MiB = main.js 1.33 MiB main.926f44ed332b4682cf7c.hot-update.js 851 bytes
cached modules 1.2 MiB (javascript) 84 bytes (share-init) 84 bytes (consume-shared) [cached] 37 modules
runtime modules 37.5 KiB 16 modules
webpack 5.97.1 compiled successfully in 83 ms
<i> [webpack-dev-middleware] wait until bundle finished: /main.926f44ed332b4682cf7c.hot-update.json
assets by status 1.33 MiB [cached] 1 asset
asset index.html 1.23 KiB [emitted]
cached modules 1.2 MiB (javascript) 84 bytes (share-init) 84 bytes (consume-shared) 37.5 KiB (runtime) [cached] 53 modules
webpack 5.97.1 compiled successfully in 55 ms
assets by status 1.33 MiB [cached] 1 asset
asset index.html 1.23 KiB [emitted]
cached modules 1.2 MiB (javascript) 84 bytes (share-init) 84 bytes (consume-shared) 37.5 KiB (runtime) [cached] 53 modules
webpack 5.97.1 compiled successfully in 34 ms
assets by status 1.33 MiB [cached] 1 asset
asset index.html 1.23 KiB [emitted]
cached modules 1.2 MiB (javascript) 84 bytes (share-init) 84 bytes (consume-shared) 37.5 KiB (runtime) [cached] 53 modules
webpack 5.97.1 compiled successfully in 66 ms
assets by status 1.33 MiB [cached] 1 asset
asset index.html 1.23 KiB [emitted]
cached modules 1.2 MiB (javascript) 84 bytes (share-init) 84 bytes (consume-shared) 37.5 KiB (runtime) [cached] 53 modules
webpack 5.97.1 compiled successfully in 36 ms
assets by status 1.23 KiB [cached] 1 asset
assets by path *.js 1.33 MiB
  asset main.js 1.33 MiB [emitted] (name: main)
  asset main.004848afb07cf4d53376.hot-update.js 851 bytes [emitted] [immutable] [hmr] (name: main)
asset main.004848afb07cf4d53376.hot-update.json 28 bytes [emitted] [immutable] [hmr]
Entrypoint main 1.33 MiB = main.js 1.33 MiB main.004848afb07cf4d53376.hot-update.js 851 bytes
cached modules 1.2 MiB (javascript) 84 bytes (share-init) 84 bytes (consume-shared) [cached] 36 modules
runtime modules 37.5 KiB 16 modules
./src/App.tsx 428 bytes [built]
webpack 5.97.1 compiled successfully in 37 ms
assets by status 1.33 MiB [cached] 2 assets
cached modules 1.2 MiB (javascript) 84 bytes (share-init) 84 bytes (consume-shared) 37.5 KiB (runtime) [cached] 52 modules
./src/App.tsx 428 bytes [built]
webpack 5.97.1 compiled successfully in 22 ms
<i> [webpack-dev-server] Gracefully shutting down. To force exit, press ^C again. Please wait...
