This workspace does not appear to be tracked by Git. Rush will proceed without incremental execution, caching, and change
detection.
Invoking: cross-env PORT=3001 webpack serve 
<i> [webpack-dev-server] Project is running at:
<i> [webpack-dev-server] Loopback: http://localhost:3001/, http://[::1]:3001/
<i> [webpack-dev-server] On Your Network (IPv4): http://192.168.1.105:3001/
<i> [webpack-dev-server] Content not from webpack is served from 'D:\Learnings\Micro-Frontends\host-app\public' directory
<i> [webpack-dev-server] 404s will fallback to '/index.html'
asset main.e2304c93bb11f9dce463.js 1.43 MiB [emitted] [immutable] (name: main)
asset index.html 814 bytes [emitted]
runtime modules 44.6 KiB 20 modules
cacheable modules 1.26 MiB
  modules by path ../common/temp/node_modules/.pnpm/ 1.26 MiB 33 modules
  modules by path ./src/ 6.69 KiB
    modules by path ./src/*.tsx 1.17 KiB 3 modules
    modules by path ./src/*.css 3.74 KiB 2 modules
    + 4 modules
provide-module modules 84 bytes
  provide shared module (default) react-dom@18.2.0 = ../common/temp/node_modules/....(truncated) 42 bytes [built] [code generated]
  provide shared module (default) react@18.2.0 = ../common/temp/node_modules/.pnpm...(truncated) 42 bytes [built] [code generated]
consume-shared-module modules 84 bytes
  consume shared module (default) react@=18.2.0 (singleton) (fallback: ../common/t...(truncated) 42 bytes [built] [code generated]
  consume shared module (default) react-dom@=18.2.0 (singleton) (fallback: ../comm...(truncated) 42 bytes [built] [code generated]
remote remoteApp/MyProducts 6 bytes (remote) 6 bytes (share-init) [built] [code generated]
external "remoteApp@http://localhost:3002/remoteEntry.js" 42 bytes [built] [code generated]
webpack 5.97.1 compiled successfully in 2256 ms
assets by path *.js 1.43 MiB
  asset main.863f70b70fd33b495f4f.js 1.43 MiB [emitted] [immutable] (name: main)
  asset main.202cf1b1e873f2451ff5.hot-update.js 2.51 KiB [emitted] [immutable] [hmr] (name: main)
asset index.html 814 bytes [emitted]
asset main.202cf1b1e873f2451ff5.hot-update.json 28 bytes [emitted] [immutable] [hmr]
Entrypoint main 1.43 MiB = main.863f70b70fd33b495f4f.js 1.43 MiB main.202cf1b1e873f2451ff5.hot-update.js 2.51 KiB
cached modules 1.26 MiB (javascript) 90 bytes (share-init) 84 bytes (consume-shared) 6 bytes (remote) [cached] 47 modules
runtime modules 44.6 KiB 20 modules
./src/ProductsPage/ProductsPage.tsx 540 bytes [built] [code generated]
webpack 5.97.1 compiled successfully in 93 ms
<i> [webpack-dev-middleware] wait until bundle finished: /main.202cf1b1e873f2451ff5.hot-update.json
assets by status 1.43 MiB [cached] 2 assets
cached modules 1.26 MiB (javascript) 90 bytes (share-init) 84 bytes (consume-shared) 6 bytes (remote) 44.6 KiB (runtime) [cached] 67 modules
./src/ProductsPage/ProductsPage.tsx 540 bytes [built]
webpack 5.97.1 compiled successfully in 47 ms
assets by path *.js 1.43 MiB
  asset main.474e260a5e6da2c35711.js 1.43 MiB [emitted] [immutable] (name: main)
  asset main.9b3fdc11ec6cb6ffc5e0.hot-update.js 2.44 KiB [emitted] [immutable] [hmr] (name: main)
asset index.html 814 bytes [emitted]
asset main.9b3fdc11ec6cb6ffc5e0.hot-update.json 28 bytes [emitted] [immutable] [hmr]
Entrypoint main 1.43 MiB = main.474e260a5e6da2c35711.js 1.43 MiB main.9b3fdc11ec6cb6ffc5e0.hot-update.js 2.44 KiB
cached modules 1.26 MiB (javascript) 90 bytes (share-init) 84 bytes (consume-shared) 6 bytes (remote) [cached] 47 modules
runtime modules 44.6 KiB 20 modules
./src/ProductsPage/ProductsPage.tsx 394 bytes [built] [code generated]
webpack 5.97.1 compiled successfully in 98 ms
<i> [webpack-dev-middleware] wait until bundle finished: /main.9b3fdc11ec6cb6ffc5e0.hot-update.json
assets by status 1.43 MiB [cached] 2 assets
cached modules 1.26 MiB (javascript) 90 bytes (share-init) 84 bytes (consume-shared) 6 bytes (remote) 44.6 KiB (runtime) [cached] 67 modules
./src/ProductsPage/ProductsPage.tsx 394 bytes [built]
webpack 5.97.1 compiled successfully in 41 ms
<i> [webpack-dev-middleware] wait until bundle finished: /main.9b3fdc11ec6cb6ffc5e0.hot-update.js
assets by status 1.43 MiB [cached] 2 assets
cached modules 1.26 MiB (javascript) 90 bytes (share-init) 84 bytes (consume-shared) 6 bytes (remote) 44.6 KiB (runtime) [cached] 67 modules
./src/ProductsPage/ProductsPage.tsx 394 bytes [built]
webpack 5.97.1 compiled successfully in 37 ms
assets by status 1.43 MiB [cached] 2 assets
cached modules 1.26 MiB (javascript) 90 bytes (share-init) 84 bytes (consume-shared) 6 bytes (remote) 44.6 KiB (runtime) [cached] 67 modules
./src/ProductsPage/ProductsPage.tsx 394 bytes [built]
webpack 5.97.1 compiled successfully in 42 ms
assets by status 1.43 MiB [cached] 2 assets
cached modules 1.26 MiB (javascript) 90 bytes (share-init) 84 bytes (consume-shared) 6 bytes (remote) 44.6 KiB (runtime) [cached] 67 modules
./src/ProductsPage/ProductsPage.tsx 394 bytes [built]
webpack 5.97.1 compiled successfully in 31 ms
