Invoking: cross-env PORT=3002 webpack serve 
<i> [webpack-dev-server] Project is running at:
<i> [webpack-dev-server] Loopback: http://localhost:3002/, http://[::1]:3002/
<i> [webpack-dev-server] On Your Network (IPv4): http://192.168.218.249:3002/
<i> [webpack-dev-server] Content not from webpack is served from 'D:\Learnings\Micro-Frontends\remote-app\public' directory
asset main.js 1.51 MiB [emitted] (name: main)
asset remoteEntry.js 1.3 MiB [emitted] (name: remoteApp)
asset vendors-common_temp_node_modules_pnpm_css-loader_6_11_0_webpack_5_97_1_node_modules_css-loade-1a6c26.js 195 KiB [emitted] (id hint: vendors)
asset src_MyProducts_tsx.js 18.7 KiB [emitted]
asset index.html 765 bytes [emitted]
runtime modules 78.8 KiB 34 modules
orphan modules 681 bytes [orphan] 1 module
modules by path ../common/temp/node_modules/.pnpm/ 1.29 MiB 78 modules
modules by path ./src/ 6.28 KiB
  modules by path ./src/*.tsx 2.04 KiB 3 modules
  modules by path ./src/*.css 4.25 KiB
    ./src/styles.css 2.83 KiB [built] [code generated]
    ../common/temp/node_modules/.pnpm/css-loader@6.11.0_webpack@5.97.1/node_modules/css-loader/dist/cjs.js!./src/styles.css 1.42 KiB [built] [code generated]
provide-module modules 84 bytes
  provide shared module (default) react-dom@18.2.0 = ../common/temp/node_modules/....(truncated) 42 bytes [built] [code generated]
  provide shared module (default) react@18.2.0 = ../common/temp/node_modules/.pnpm...(truncated) 42 bytes [built] [code generated]
consume-shared-module modules 84 bytes
  consume shared module (default) react@=18.2.0 (singleton) (fallback: ../common/t...(truncated) 42 bytes [built] [code generated]
  consume shared module (default) react-dom@=18.2.0 (singleton) (fallback: ../comm...(truncated) 42 bytes [built] [code generated]
container entry 42 bytes [built] [code generated]
webpack 5.97.1 compiled successfully in 8752 ms
